<?xml version="1.0" encoding="UTF-8"?>
<!-- Generated by org.testng.reporters.JUnitXMLReporter -->
<testsuite ignored="1" hostname="Akshats-MacBook-Air.local" failures="0" tests="2" name="Default test" time="48.394" errors="0" timestamp="2024-11-23T16:23:02 IST">
  <testcase classname="com.test.BS.smokeTest.HomePageTest" name="validateHomePageLinksWorksAsExpected" time="1.646"/>
  <testcase classname="com.test.BS.smokeTest.HomePageTest" name="validateHomePageDropdownLinksWorksAsExpected" time="14.547"/>
  <testcase classname="com.test.BS.smokeTest.HomePageTest" name="validateHeaderFunctionality" time="0.0">
    <ignored/>
  </testcase> <!-- validateHeaderFunctionality -->
</testsuite> <!-- Default test -->
