<?xml version="1.0" encoding="UTF-8"?>
<testng-results ignored="0" total="2" passed="2" failed="0" skipped="0">
  <reporter-output>
  </reporter-output>
  <suite started-at="2024-11-24T19:46:38 IST" name="BrowserStackSuite" finished-at="2024-11-24T19:47:21 IST" duration-ms="43550">
    <groups>
    </groups>
    <test started-at="2024-11-24T19:46:38 IST" name="HomePage Test" finished-at="2024-11-24T19:47:21 IST" duration-ms="43550">
      <class name="com.test.BS.smokeTest.HomePageTest">
        <test-method is-config="true" signature="setUp()[pri:0, instance:com.test.BS.smokeTest.HomePageTest@50eac852]" started-at="2024-11-24T19:46:38 IST" name="setUp" finished-at="2024-11-24T19:46:53 IST" duration-ms="15209" status="PASS">
          <reporter-output>
          </reporter-output>
        </test-method> <!-- setUp -->
        <test-method signature="validateHomePageLinksWorksAsExpected()[pri:2, instance:com.test.BS.smokeTest.HomePageTest@50eac852]" started-at="2024-11-24T19:46:53 IST" name="validateHomePageLinksWorksAsExpected" finished-at="2024-11-24T19:46:59 IST" duration-ms="6137" status="PASS">
          <reporter-output>
          </reporter-output>
        </test-method> <!-- validateHomePageLinksWorksAsExpected -->
        <test-method is-config="true" signature="exit()[pri:0, instance:com.test.BS.smokeTest.HomePageTest@50eac852]" started-at="2024-11-24T19:46:59 IST" name="exit" finished-at="2024-11-24T19:46:59 IST" duration-ms="115" status="PASS">
          <reporter-output>
          </reporter-output>
        </test-method> <!-- exit -->
        <test-method is-config="true" signature="setUp()[pri:0, instance:com.test.BS.smokeTest.HomePageTest@50eac852]" started-at="2024-11-24T19:46:59 IST" name="setUp" finished-at="2024-11-24T19:47:18 IST" duration-ms="18977" status="PASS">
          <reporter-output>
          </reporter-output>
        </test-method> <!-- setUp -->
        <test-method signature="validateHomePageDropdownLinksWorksAsExpected()[pri:3, instance:com.test.BS.smokeTest.HomePageTest@50eac852]" started-at="2024-11-24T19:47:18 IST" name="validateHomePageDropdownLinksWorksAsExpected" finished-at="2024-11-24T19:47:21 IST" duration-ms="2891" status="PASS">
          <reporter-output>
          </reporter-output>
        </test-method> <!-- validateHomePageDropdownLinksWorksAsExpected -->
        <test-method is-config="true" signature="exit()[pri:0, instance:com.test.BS.smokeTest.HomePageTest@50eac852]" started-at="2024-11-24T19:47:21 IST" name="exit" finished-at="2024-11-24T19:47:21 IST" duration-ms="113" status="PASS">
          <reporter-output>
          </reporter-output>
        </test-method> <!-- exit -->
      </class> <!-- com.test.BS.smokeTest.HomePageTest -->
    </test> <!-- HomePage Test -->
  </suite> <!-- BrowserStackSuite -->
</testng-results>
