<?xml version="1.0" encoding="UTF-8"?>
<testsuite xmlns:xsi="http://www.w3.org/2001/XMLSchema-instance" xsi:noNamespaceSchemaLocation="https://maven.apache.org/surefire/maven-surefire-plugin/xsd/surefire-test-report.xsd" version="3.0.1" name="TestSuite" time="43.886" tests="2" errors="0" skipped="0" failures="0">
  <properties>
[...]
</properties>
  <testcase name="validateHomePageLinksWorksAsExpected" classname="com.test.BS.smokeTest.HomePageTest" time="6.14">
    <system-out><![CDATA[...
... TestNG 7.10.2 by Cédric Beust (cedric@beust.com)
...

The URL accessed is= https://www.browserstack.com/
2024-11-24T14:16:53.605596Z main INFO Starting configuration XmlConfiguration[location=/Users/akshatrana/eclipse-workspace/BrowserStackAutomation/target/classes/log4j2.xml, lastModified=2024-11-24T14:16:37.335Z]...
2024-11-24T14:16:53.606608Z main INFO Start watching for changes to /Users/akshatrana/eclipse-workspace/BrowserStackAutomation/target/classes/log4j2.xml every 0 seconds
2024-11-24T14:16:53.606751Z main INFO Configuration XmlConfiguration[location=/Users/akshatrana/eclipse-workspace/BrowserStackAutomation/target/classes/log4j2.xml, lastModified=2024-11-24T14:16:37.335Z] started.
2024-11-24T14:16:53.608089Z main INFO Stopping configuration org.apache.logging.log4j.core.config.DefaultConfiguration@7139bd31...
2024-11-24T14:16:53.608493Z main INFO Configuration org.apache.logging.log4j.core.config.DefaultConfiguration@7139bd31 stopped.
The testcase has started = validateHomePageLinksWorksAsExpected
Searching for element: By.xpath: //button[@aria-label='Products']
Found element: By.xpath: //button[@aria-label='Products']
The text of the webelement is = Products
Searching for element: By.xpath: //button[@aria-label='Developers']
Found element: By.xpath: //button[@aria-label='Developers']
The text of the webelement is = Developers
Searching for element: By.xpath: //a[@aria-label='Pricing']//span
Found element: By.xpath: //a[@aria-label='Pricing']//span
The text of the webelement is = Pricing
Searching for element: By.xpath: //a[@aria-label='Sign in']//span
Found element: By.xpath: //a[@aria-label='Sign in']//span
The text of the webelement is = Sign in
Searching for element: By.xpath: //a[@aria-label='Free Trial']//span
Found element: By.xpath: //a[@aria-label='Free Trial']//span
The text of the webelement is = FREE TRIAL
]]></system-out>
    <system-err><![CDATA[SLF4J: Failed to load class "org.slf4j.impl.StaticLoggerBinder".
SLF4J: Defaulting to no-operation (NOP) logger implementation
SLF4J: See http://www.slf4j.org/codes.html#StaticLoggerBinder for further details.
Nov 24, 2024 7:46:46 PM org.openqa.selenium.devtools.CdpVersionFinder findNearestMatch
WARNING: Unable to find an exact match for CDP version 131, returning the closest version; found: 130; Please update to a Selenium version that supports CDP version 131
]]></system-err>
  </testcase>
  <testcase name="validateHomePageDropdownLinksWorksAsExpected" classname="com.test.BS.smokeTest.HomePageTest" time="2.891">
    <system-out><![CDATA[The driver has quit now
The URL accessed is= https://www.browserstack.com/
The testcase has started = validateHomePageDropdownLinksWorksAsExpected
19:47:18.860 [main] INFO  com.test.BS.Pages.HomePage - First log
Searching for element: By.xpath: //button[@aria-label='Products']
Found element: By.xpath: //button[@aria-label='Products']
The text of the webelement is = Live
The text of the webelement is = Bug Capture
The text of the webelement is = Accessibility Testing
The text of the webelement is = Automate
The text of the webelement is = Automate TurboScale
The text of the webelement is = Accessibility Automation
The text of the webelement is = Percy
The text of the webelement is = Low Code Automation
The text of the webelement is = Test Management
The text of the webelement is = Test Observability
Searching for element: By.xpath: //button[@id='products-dd-tab-2']
Found element: By.xpath: //button[@id='products-dd-tab-2']
The text of the webelement is = App Live
The text of the webelement is = App Accessibility Testing
The text of the webelement is = App Automate
The text of the webelement is = App Percy
The text of the webelement is = Test Management
The text of the webelement is = Test Observability
]]></system-out>
    <system-err><![CDATA[Nov 24, 2024 7:47:05 PM org.openqa.selenium.devtools.CdpVersionFinder findNearestMatch
WARNING: Unable to find an exact match for CDP version 131, returning the closest version; found: 130; Please update to a Selenium version that supports CDP version 131
]]></system-err>
  </testcase>
</testsuite>