<?xml version="1.0" encoding="UTF-8"?>
<!-- Generated by org.testng.reporters.JUnitXMLReporter -->
<testsuite ignored="1" hostname="Akshats-MacBook-Air.local" failures="0" tests="2" name="HomePage Test" time="42.346" errors="0" timestamp="2024-11-24T19:57:28 IST">
  <testcase classname="com.test.BS.smokeTest.HomePageTest" name="validateHomePageLinksWorksAsExpected" time="1.0"/>
  <testcase classname="com.test.BS.smokeTest.HomePageTest" name="validateHomePageDropdownLinksWorksAsExpected" time="3.673"/>
  <testcase classname="com.test.BS.smokeTest.HomePageTest" name="validateHeaderFunctionality" time="0.0">
    <ignored/>
  </testcase> <!-- validateHeaderFunctionality -->
</testsuite> <!-- HomePage Test -->
