<?xml version="1.0" encoding="UTF-8"?>
<!-- Generated by org.testng.reporters.JUnitXMLReporter -->
<testsuite ignored="0" hostname="Akshats-MacBook-Air.local" failures="0" tests="3" name="HomePage Test" time="71.75" errors="0" timestamp="2024-11-25T17:21:13 IST">
  <testcase classname="com.test.BS.smokeTest.HomePageTest" name="validateHeaderFunctionality" time="17.401"/>
  <testcase classname="com.test.BS.smokeTest.HomePageTest" name="validateHomePageLinksWorksAsExpected" time="0.675"/>
  <testcase classname="com.test.BS.smokeTest.HomePageTest" name="validateHomePageDropdownLinksWorksAsExpected" time="4.727"/>
</testsuite> <!-- HomePage Test -->
