<?xml version="1.0" encoding="UTF-8"?>
<!-- Generated by org.testng.reporters.JUnitXMLReporter -->
<testsuite ignored="1" hostname="Akshats-MacBook-Air.local" failures="0" tests="2" name="SnokeTest" time="47.297" errors="0" timestamp="2024-11-23T19:43:56 IST">
  <testcase classname="com.test.BS.smokeTest.HomePageTest" name="validateHomePageLinksWorksAsExpected" time="2.594"/>
  <testcase classname="com.test.BS.smokeTest.HomePageTest" name="validateHomePageDropdownLinksWorksAsExpected" time="3.656"/>
  <testcase classname="com.test.BS.smokeTest.HomePageTest" name="validateHeaderFunctionality" time="0.0">
    <ignored/>
  </testcase> <!-- validateHeaderFunctionality -->
</testsuite> <!-- SnokeTest -->
