<?xml version="1.0" encoding="UTF-8"?>
<testng-results ignored="0" total="3" passed="3" failed="0" skipped="0">
  <reporter-output>
  </reporter-output>
  <suite started-at="2024-11-25T17:20:00 IST" name="BrowserStackSuite" finished-at="2024-11-25T17:21:12 IST" duration-ms="71750">
    <groups>
    </groups>
    <test started-at="2024-11-25T17:20:00 IST" name="HomePage Test" finished-at="2024-11-25T17:21:12 IST" duration-ms="71750">
      <class name="com.test.BS.smokeTest.HomePageTest">
        <test-method is-config="true" signature="setUp()[pri:0, instance:com.test.BS.smokeTest.HomePageTest@2d3379b4]" started-at="2024-11-25T17:20:01 IST" name="setUp" finished-at="2024-11-25T17:20:15 IST" duration-ms="14122" status="PASS">
          <reporter-output>
          </reporter-output>
        </test-method> <!-- setUp -->
        <test-method signature="validateHeaderFunctionality()[pri:1, instance:com.test.BS.smokeTest.HomePageTest@2d3379b4]" started-at="2024-11-25T17:20:15 IST" name="validateHeaderFunctionality" finished-at="2024-11-25T17:20:32 IST" duration-ms="17401" status="PASS">
          <reporter-output>
          </reporter-output>
        </test-method> <!-- validateHeaderFunctionality -->
        <test-method is-config="true" signature="exit()[pri:0, instance:com.test.BS.smokeTest.HomePageTest@2d3379b4]" started-at="2024-11-25T17:20:32 IST" name="exit" finished-at="2024-11-25T17:20:33 IST" duration-ms="221" status="PASS">
          <reporter-output>
          </reporter-output>
        </test-method> <!-- exit -->
        <test-method is-config="true" signature="setUp()[pri:0, instance:com.test.BS.smokeTest.HomePageTest@2d3379b4]" started-at="2024-11-25T17:20:33 IST" name="setUp" finished-at="2024-11-25T17:20:50 IST" duration-ms="17660" status="PASS">
          <reporter-output>
          </reporter-output>
        </test-method> <!-- setUp -->
        <test-method signature="validateHomePageLinksWorksAsExpected()[pri:2, instance:com.test.BS.smokeTest.HomePageTest@2d3379b4]" started-at="2024-11-25T17:20:50 IST" name="validateHomePageLinksWorksAsExpected" finished-at="2024-11-25T17:20:51 IST" duration-ms="675" status="PASS">
          <reporter-output>
          </reporter-output>
        </test-method> <!-- validateHomePageLinksWorksAsExpected -->
        <test-method is-config="true" signature="exit()[pri:0, instance:com.test.BS.smokeTest.HomePageTest@2d3379b4]" started-at="2024-11-25T17:20:51 IST" name="exit" finished-at="2024-11-25T17:20:51 IST" duration-ms="94" status="PASS">
          <reporter-output>
          </reporter-output>
        </test-method> <!-- exit -->
        <test-method is-config="true" signature="setUp()[pri:0, instance:com.test.BS.smokeTest.HomePageTest@2d3379b4]" started-at="2024-11-25T17:20:51 IST" name="setUp" finished-at="2024-11-25T17:21:07 IST" duration-ms="16253" status="PASS">
          <reporter-output>
          </reporter-output>
        </test-method> <!-- setUp -->
        <test-method signature="validateHomePageDropdownLinksWorksAsExpected()[pri:3, instance:com.test.BS.smokeTest.HomePageTest@2d3379b4]" started-at="2024-11-25T17:21:07 IST" name="validateHomePageDropdownLinksWorksAsExpected" finished-at="2024-11-25T17:21:12 IST" duration-ms="4727" status="PASS">
          <reporter-output>
          </reporter-output>
        </test-method> <!-- validateHomePageDropdownLinksWorksAsExpected -->
        <test-method is-config="true" signature="exit()[pri:0, instance:com.test.BS.smokeTest.HomePageTest@2d3379b4]" started-at="2024-11-25T17:21:12 IST" name="exit" finished-at="2024-11-25T17:21:12 IST" duration-ms="140" status="PASS">
          <reporter-output>
          </reporter-output>
        </test-method> <!-- exit -->
      </class> <!-- com.test.BS.smokeTest.HomePageTest -->
    </test> <!-- HomePage Test -->
  </suite> <!-- BrowserStackSuite -->
</testng-results>
