<?xml version="1.0" encoding="UTF-8"?>
<testng-results ignored="0" total="2" passed="2" failed="0" skipped="0">
  <reporter-output>
  </reporter-output>
  <suite started-at="2024-11-24T19:56:45 IST" name="BrowserStackSuite" finished-at="2024-11-24T19:57:28 IST" duration-ms="42346">
    <groups>
    </groups>
    <test started-at="2024-11-24T19:56:45 IST" name="HomePage Test" finished-at="2024-11-24T19:57:28 IST" duration-ms="42346">
      <class name="com.test.BS.smokeTest.HomePageTest">
        <test-method is-config="true" signature="setUp()[pri:0, instance:com.test.BS.smokeTest.HomePageTest@2d3379b4]" started-at="2024-11-24T19:56:46 IST" name="setUp" finished-at="2024-11-24T19:57:06 IST" duration-ms="20092" status="PASS">
          <reporter-output>
          </reporter-output>
        </test-method> <!-- setUp -->
        <test-method signature="validateHomePageLinksWorksAsExpected()[pri:2, instance:com.test.BS.smokeTest.HomePageTest@2d3379b4]" started-at="2024-11-24T19:57:06 IST" name="validateHomePageLinksWorksAsExpected" finished-at="2024-11-24T19:57:07 IST" duration-ms="1000" status="PASS">
          <reporter-output>
          </reporter-output>
        </test-method> <!-- validateHomePageLinksWorksAsExpected -->
        <test-method is-config="true" signature="exit()[pri:0, instance:com.test.BS.smokeTest.HomePageTest@2d3379b4]" started-at="2024-11-24T19:57:07 IST" name="exit" finished-at="2024-11-24T19:57:07 IST" duration-ms="126" status="PASS">
          <reporter-output>
          </reporter-output>
        </test-method> <!-- exit -->
        <test-method is-config="true" signature="setUp()[pri:0, instance:com.test.BS.smokeTest.HomePageTest@2d3379b4]" started-at="2024-11-24T19:57:07 IST" name="setUp" finished-at="2024-11-24T19:57:24 IST" duration-ms="16930" status="PASS">
          <reporter-output>
          </reporter-output>
        </test-method> <!-- setUp -->
        <test-method signature="validateHomePageDropdownLinksWorksAsExpected()[pri:3, instance:com.test.BS.smokeTest.HomePageTest@2d3379b4]" started-at="2024-11-24T19:57:24 IST" name="validateHomePageDropdownLinksWorksAsExpected" finished-at="2024-11-24T19:57:28 IST" duration-ms="3673" status="PASS">
          <reporter-output>
          </reporter-output>
        </test-method> <!-- validateHomePageDropdownLinksWorksAsExpected -->
        <test-method is-config="true" signature="exit()[pri:0, instance:com.test.BS.smokeTest.HomePageTest@2d3379b4]" started-at="2024-11-24T19:57:28 IST" name="exit" finished-at="2024-11-24T19:57:28 IST" duration-ms="109" status="PASS">
          <reporter-output>
          </reporter-output>
        </test-method> <!-- exit -->
      </class> <!-- com.test.BS.smokeTest.HomePageTest -->
    </test> <!-- HomePage Test -->
  </suite> <!-- BrowserStackSuite -->
</testng-results>
